<?xml version="1.0" encoding="UTF-8"?>
<coverage generated="1658407801008" clover="3.2.0">
  <project timestamp="1658407801008" name="All files">
    <metrics statements="14" coveredstatements="13" conditionals="6" coveredconditionals="3" methods="4" coveredmethods="4" elements="24" coveredelements="20" complexity="0" loc="14" ncloc="14" packages="1" files="4" classes="4"/>
    <file name="displayList.js" path="/Users/bengi/Desktop/microverse-program/2nd-module/to-do-review/src/modules/displayList.js">
      <metrics statements="7" coveredstatements="6" conditionals="4" coveredconditionals="2" methods="2" coveredmethods="2"/>
      <line num="4" count="2" type="stmt"/>
      <line num="5" count="2" type="stmt"/>
      <line num="6" count="2" type="cond" truecount="1" falsecount="1"/>
      <line num="7" count="2" type="stmt"/>
      <line num="8" count="5" type="cond" truecount="1" falsecount="1"/>
      <line num="9" count="5" type="stmt"/>
      <line num="19" count="0" type="stmt"/>
    </file>
    <file name="storage.js" path="/Users/bengi/Desktop/microverse-program/2nd-module/to-do-review/src/modules/storage.js">
      <metrics statements="2" coveredstatements="2" conditionals="2" coveredconditionals="1" methods="1" coveredmethods="1"/>
      <line num="2" count="2" type="cond" truecount="1" falsecount="1"/>
      <line num="3" count="2" type="stmt"/>
    </file>
    <file name="taskClass.js" path="/Users/bengi/Desktop/microverse-program/2nd-module/to-do-review/src/modules/taskClass.js">
      <metrics statements="4" coveredstatements="4" conditionals="0" coveredconditionals="0" methods="1" coveredmethods="1"/>
      <line num="5" count="4" type="stmt"/>
      <line num="6" count="4" type="stmt"/>
      <line num="7" count="4" type="stmt"/>
      <line num="8" count="4" type="stmt"/>
    </file>
    <file name="toDos.js" path="/Users/bengi/Desktop/microverse-program/2nd-module/to-do-review/src/modules/toDos.js">
      <metrics statements="1" coveredstatements="1" conditionals="0" coveredconditionals="0" methods="0" coveredmethods="0"/>
      <line num="1" count="1" type="stmt"/>
    </file>
  </project>
</coverage>
