<?xml version="1.0" encoding="UTF-8"?>
<coverage generated="1658472948115" clover="3.2.0">
  <project timestamp="1658472948115" name="All files">
    <metrics statements="41" coveredstatements="17" conditionals="12" coveredconditionals="3" methods="11" coveredmethods="5" elements="64" coveredelements="25" complexity="0" loc="41" ncloc="41" packages="1" files="6" classes="6"/>
    <file name="add.js" path="/Users/bengi/Desktop/microverse-program/2nd-module/to-do-review/src/modules/add.js">
      <metrics statements="16" coveredstatements="4" conditionals="2" coveredconditionals="0" methods="3" coveredmethods="1"/>
      <line num="6" count="1" type="stmt"/>
      <line num="7" count="1" type="stmt"/>
      <line num="8" count="1" type="stmt"/>
      <line num="11" count="1" type="stmt"/>
      <line num="12" count="0" type="stmt"/>
      <line num="13" count="0" type="cond" truecount="0" falsecount="2"/>
      <line num="14" count="0" type="stmt"/>
      <line num="15" count="0" type="stmt"/>
      <line num="16" count="0" type="stmt"/>
      <line num="17" count="0" type="stmt"/>
      <line num="19" count="0" type="stmt"/>
      <line num="20" count="0" type="stmt"/>
      <line num="21" count="0" type="stmt"/>
      <line num="23" count="0" type="stmt"/>
      <line num="24" count="0" type="stmt"/>
      <line num="25" count="0" type="stmt"/>
    </file>
    <file name="displayList.js" path="/Users/bengi/Desktop/microverse-program/2nd-module/to-do-review/src/modules/displayList.js">
      <metrics statements="7" coveredstatements="6" conditionals="4" coveredconditionals="2" methods="2" coveredmethods="2"/>
      <line num="4" count="4" type="stmt"/>
      <line num="5" count="4" type="stmt"/>
      <line num="6" count="4" type="cond" truecount="1" falsecount="1"/>
      <line num="7" count="4" type="stmt"/>
      <line num="8" count="13" type="cond" truecount="1" falsecount="1"/>
      <line num="9" count="13" type="stmt"/>
      <line num="19" count="0" type="stmt"/>
    </file>
    <file name="interactions.js" path="/Users/bengi/Desktop/microverse-program/2nd-module/to-do-review/src/modules/interactions.js">
      <metrics statements="11" coveredstatements="0" conditionals="4" coveredconditionals="0" methods="4" coveredmethods="0"/>
      <line num="4" count="0" type="stmt"/>
      <line num="5" count="0" type="stmt"/>
      <line num="6" count="0" type="stmt"/>
      <line num="7" count="0" type="stmt"/>
      <line num="8" count="0" type="stmt"/>
      <line num="9" count="0" type="stmt"/>
      <line num="11" count="0" type="cond" truecount="0" falsecount="2"/>
      <line num="12" count="0" type="stmt"/>
      <line num="13" count="0" type="cond" truecount="0" falsecount="2"/>
      <line num="14" count="0" type="stmt"/>
      <line num="15" count="0" type="stmt"/>
    </file>
    <file name="storage.js" path="/Users/bengi/Desktop/microverse-program/2nd-module/to-do-review/src/modules/storage.js">
      <metrics statements="2" coveredstatements="2" conditionals="2" coveredconditionals="1" methods="1" coveredmethods="1"/>
      <line num="2" count="4" type="cond" truecount="1" falsecount="1"/>
      <line num="3" count="4" type="stmt"/>
    </file>
    <file name="taskClass.js" path="/Users/bengi/Desktop/microverse-program/2nd-module/to-do-review/src/modules/taskClass.js">
      <metrics statements="4" coveredstatements="4" conditionals="0" coveredconditionals="0" methods="1" coveredmethods="1"/>
      <line num="5" count="4" type="stmt"/>
      <line num="6" count="4" type="stmt"/>
      <line num="7" count="4" type="stmt"/>
      <line num="8" count="4" type="stmt"/>
    </file>
    <file name="toDos.js" path="/Users/bengi/Desktop/microverse-program/2nd-module/to-do-review/src/modules/toDos.js">
      <metrics statements="1" coveredstatements="1" conditionals="0" coveredconditionals="0" methods="0" coveredmethods="0"/>
      <line num="1" count="2" type="stmt"/>
    </file>
  </project>
</coverage>
