{"/Users/bengi/Desktop/microverse-program/2nd-module/to-do-review/src/modules/displayList.js": {"path":"/Users/bengi/Desktop/microverse-program/2nd-module/to-do-review/src/modules/displayList.js","statementMap":{"0":{"start":{"line":4,"column":24},"end":{"line":4,"column":55}},"1":{"start":{"line":5,"column":16},"end":{"line":5,"column":28}},"2":{"start":{"line":6,"column":2},"end":{"line":30,"column":3}},"3":{"start":{"line":7,"column":4},"end":{"line":29,"column":7}},"4":{"start":{"line":8,"column":6},"end":{"line":28,"column":7}},"5":{"start":{"line":9,"column":8},"end":{"line":17,"column":26}},"6":{"start":{"line":19,"column":8},"end":{"line":27,"column":26}}},"fnMap":{"0":{"name":"displayList","decl":{"start":{"line":3,"column":24},"end":{"line":3,"column":35}},"loc":{"start":{"line":3,"column":38},"end":{"line":31,"column":1}},"line":3},"1":{"name":"(anonymous_1)","decl":{"start":{"line":7,"column":18},"end":{"line":7,"column":19}},"loc":{"start":{"line":7,"column":28},"end":{"line":29,"column":5}},"line":7}},"branchMap":{"0":{"loc":{"start":{"line":6,"column":2},"end":{"line":30,"column":3}},"type":"if","locations":[{"start":{"line":6,"column":2},"end":{"line":30,"column":3}},{"start":{},"end":{}}],"line":6},"1":{"loc":{"start":{"line":8,"column":6},"end":{"line":28,"column":7}},"type":"if","locations":[{"start":{"line":8,"column":6},"end":{"line":28,"column":7}},{"start":{"line":18,"column":13},"end":{"line":28,"column":7}}],"line":8}},"s":{"0":3,"1":3,"2":3,"3":3,"4":8,"5":8,"6":0},"f":{"0":3,"1":8},"b":{"0":[3,0],"1":[8,0]},"_coverageSchema":"1a1c01bbd47fc00a2c39e90264f33305004495a9","hash":"d5ab31ba3e015f3e6b91ef5ca25dce523d76d1d1"}
,"/Users/bengi/Desktop/microverse-program/2nd-module/to-do-review/src/modules/storage.js": {"path":"/Users/bengi/Desktop/microverse-program/2nd-module/to-do-review/src/modules/storage.js","statementMap":{"0":{"start":{"line":2,"column":16},"end":{"line":2,"column":65}},"1":{"start":{"line":3,"column":2},"end":{"line":3,"column":15}}},"fnMap":{"0":{"name":"getStorage","decl":{"start":{"line":1,"column":24},"end":{"line":1,"column":34}},"loc":{"start":{"line":1,"column":37},"end":{"line":4,"column":1}},"line":1}},"branchMap":{"0":{"loc":{"start":{"line":2,"column":27},"end":{"line":2,"column":64}},"type":"binary-expr","locations":[{"start":{"line":2,"column":27},"end":{"line":2,"column":56}},{"start":{"line":2,"column":60},"end":{"line":2,"column":64}}],"line":2}},"s":{"0":3,"1":3},"f":{"0":3},"b":{"0":[3,0]},"_coverageSchema":"1a1c01bbd47fc00a2c39e90264f33305004495a9","hash":"75e55c3ea2a645fed9ea7ce51c63053f7d8162f7"}
,"/Users/bengi/Desktop/microverse-program/2nd-module/to-do-review/src/modules/taskClass.js": {"path":"/Users/bengi/Desktop/microverse-program/2nd-module/to-do-review/src/modules/taskClass.js","statementMap":{"0":{"start":{"line":5,"column":4},"end":{"line":5,"column":35}},"1":{"start":{"line":6,"column":4},"end":{"line":6,"column":27}},"2":{"start":{"line":7,"column":4},"end":{"line":7,"column":36}},"3":{"start":{"line":8,"column":4},"end":{"line":8,"column":34}}},"fnMap":{"0":{"name":"(anonymous_0)","decl":{"start":{"line":4,"column":2},"end":{"line":4,"column":3}},"loc":{"start":{"line":4,"column":27},"end":{"line":9,"column":3}},"line":4}},"branchMap":{},"s":{"0":4,"1":4,"2":4,"3":4},"f":{"0":4},"b":{},"_coverageSchema":"1a1c01bbd47fc00a2c39e90264f33305004495a9","hash":"51fac3a3221f333a4b6d23597371f3b2ecf2bd62"}
,"/Users/bengi/Desktop/microverse-program/2nd-module/to-do-review/src/modules/toDos.js": {"path":"/Users/bengi/Desktop/microverse-program/2nd-module/to-do-review/src/modules/toDos.js","statementMap":{"0":{"start":{"line":1,"column":14},"end":{"line":1,"column":16}}},"fnMap":{},"branchMap":{},"s":{"0":1},"f":{},"b":{},"_coverageSchema":"1a1c01bbd47fc00a2c39e90264f33305004495a9","hash":"3b1aabe55e3c9a3e15d1b6edcbf84e4e68ec24e7"}
}
