{"C:\\Users\\user\\Desktop\\Micronaut\\Module2\\to-do-review\\src\\test\\task.js": {"path":"C:\\Users\\user\\Desktop\\Micronaut\\Module2\\to-do-review\\src\\test\\task.js","statementMap":{"0":{"start":{"line":1,"column":25},"end":{"line":10,"column":3}},"1":{"start":{"line":2,"column":17},"end":{"line":2,"column":19}},"2":{"start":{"line":3,"column":22},"end":{"line":7,"column":5}},"3":{"start":{"line":8,"column":4},"end":{"line":8,"column":25}},"4":{"start":{"line":9,"column":4},"end":{"line":9,"column":23}},"5":{"start":{"line":12,"column":30},"end":{"line":32,"column":3}},"6":{"start":{"line":13,"column":17},"end":{"line":29,"column":5}},"7":{"start":{"line":31,"column":4},"end":{"line":31,"column":55}},"8":{"start":{"line":31,"column":33},"end":{"line":31,"column":53}},"9":{"start":{"line":35,"column":17},"end":{"line":51,"column":5}},"10":{"start":{"line":52,"column":18},"end":{"line":52,"column":72}},"11":{"start":{"line":52,"column":43},"end":{"line":52,"column":71}},"12":{"start":{"line":53,"column":4},"end":{"line":53,"column":69}},"13":{"start":{"line":54,"column":4},"end":{"line":54,"column":27}},"14":{"start":{"line":57,"column":30},"end":{"line":57,"column":87}},"15":{"start":{"line":57,"column":40},"end":{"line":57,"column":87}},"16":{"start":{"line":57,"column":62},"end":{"line":57,"column":86}}},"fnMap":{"0":{"name":"(anonymous_0)","decl":{"start":{"line":1,"column":25},"end":{"line":1,"column":26}},"loc":{"start":{"line":1,"column":61},"end":{"line":10,"column":3}},"line":1},"1":{"name":"(anonymous_1)","decl":{"start":{"line":12,"column":30},"end":{"line":12,"column":31}},"loc":{"start":{"line":12,"column":41},"end":{"line":32,"column":3}},"line":12},"2":{"name":"(anonymous_2)","decl":{"start":{"line":31,"column":23},"end":{"line":31,"column":24}},"loc":{"start":{"line":31,"column":33},"end":{"line":31,"column":53}},"line":31},"3":{"name":"updateToList","decl":{"start":{"line":34,"column":18},"end":{"line":34,"column":30}},"loc":{"start":{"line":34,"column":62},"end":{"line":55,"column":3}},"line":34},"4":{"name":"(anonymous_4)","decl":{"start":{"line":52,"column":33},"end":{"line":52,"column":34}},"loc":{"start":{"line":52,"column":43},"end":{"line":52,"column":71}},"line":52},"5":{"name":"(anonymous_5)","decl":{"start":{"line":57,"column":30},"end":{"line":57,"column":31}},"loc":{"start":{"line":57,"column":40},"end":{"line":57,"column":87}},"line":57},"6":{"name":"(anonymous_6)","decl":{"start":{"line":57,"column":52},"end":{"line":57,"column":53}},"loc":{"start":{"line":57,"column":62},"end":{"line":57,"column":86}},"line":57}},"branchMap":{"0":{"loc":{"start":{"line":1,"column":39},"end":{"line":1,"column":56}},"type":"default-arg","locations":[{"start":{"line":1,"column":51},"end":{"line":1,"column":56}}],"line":1}},"s":{"0":1,"1":3,"2":3,"3":3,"4":3,"5":1,"6":3,"7":3,"8":9,"9":2,"10":2,"11":2,"12":2,"13":2,"14":1,"15":1,"16":3},"f":{"0":3,"1":3,"2":9,"3":2,"4":2,"5":1,"6":3},"b":{"0":[3]},"_coverageSchema":"1a1c01bbd47fc00a2c39e90264f33305004495a9","hash":"555930a314755a625919a9e3f0aab5ae142cd533"}
}
