TN:
SF:src/modules/displayList.js
FN:3,displayList
FN:7,(anonymous_1)
FNF:2
FNH:2
FNDA:3,displayList
FNDA:8,(anonymous_1)
DA:4,3
DA:5,3
DA:6,3
DA:7,3
DA:8,8
DA:9,8
DA:19,0
LF:7
LH:6
BRDA:6,0,0,3
BRDA:6,0,1,0
BRDA:8,1,0,8
BRDA:8,1,1,0
BRF:4
BRH:2
end_of_record
TN:
SF:src/modules/storage.js
FN:1,getStorage
FNF:1
FNH:1
FNDA:3,getStorage
DA:2,3
DA:3,3
LF:2
LH:2
BRDA:2,0,0,3
BRDA:2,0,1,0
BRF:2
BRH:1
end_of_record
TN:
SF:src/modules/taskClass.js
FN:4,(anonymous_0)
FNF:1
FNH:1
FNDA:4,(anonymous_0)
DA:5,4
DA:6,4
DA:7,4
DA:8,4
LF:4
LH:4
BRF:0
BRH:0
end_of_record
TN:
SF:src/modules/toDos.js
FNF:0
FNH:0
DA:1,1
LF:1
LH:1
BRF:0
BRH:0
end_of_record
