TN:
SF:src/modules/add.js
FN:5,addToList
FN:11,(anonymous_1)
FN:16,(anonymous_2)
FNF:3
FNH:1
FNDA:1,addToList
FNDA:0,(anonymous_1)
FNDA:0,(anonymous_2)
DA:6,1
DA:7,1
DA:8,1
DA:11,1
DA:12,0
DA:13,0
DA:14,0
DA:15,0
DA:16,0
DA:17,0
DA:19,0
DA:20,0
DA:21,0
DA:23,0
DA:24,0
DA:25,0
LF:16
LH:4
BRDA:13,0,0,0
BRDA:13,0,1,0
BRF:2
BRH:0
end_of_record
TN:
SF:src/modules/displayList.js
FN:3,displayList
FN:7,(anonymous_1)
FNF:2
FNH:2
FNDA:4,displayList
FNDA:13,(anonymous_1)
DA:4,4
DA:5,4
DA:6,4
DA:7,4
DA:8,13
DA:9,13
DA:19,0
LF:7
LH:6
BRDA:6,0,0,4
BRDA:6,0,1,0
BRDA:8,1,0,13
BRDA:8,1,1,0
BRF:4
BRH:2
end_of_record
TN:
SF:src/modules/interactions.js
FN:3,interactions
FN:5,(anonymous_1)
FN:6,(anonymous_2)
FN:12,(anonymous_3)
FNF:4
FNH:0
FNDA:0,interactions
FNDA:0,(anonymous_1)
FNDA:0,(anonymous_2)
FNDA:0,(anonymous_3)
DA:4,0
DA:5,0
DA:6,0
DA:7,0
DA:8,0
DA:9,0
DA:11,0
DA:12,0
DA:13,0
DA:14,0
DA:15,0
LF:11
LH:0
BRDA:11,0,0,0
BRDA:11,0,1,0
BRDA:13,1,0,0
BRDA:13,1,1,0
BRF:4
BRH:0
end_of_record
TN:
SF:src/modules/storage.js
FN:1,getStorage
FNF:1
FNH:1
FNDA:4,getStorage
DA:2,4
DA:3,4
LF:2
LH:2
BRDA:2,0,0,4
BRDA:2,0,1,0
BRF:2
BRH:1
end_of_record
TN:
SF:src/modules/taskClass.js
FN:4,(anonymous_0)
FNF:1
FNH:1
FNDA:4,(anonymous_0)
DA:5,4
DA:6,4
DA:7,4
DA:8,4
LF:4
LH:4
BRF:0
BRH:0
end_of_record
TN:
SF:src/modules/toDos.js
FNF:0
FNH:0
DA:1,2
LF:1
LH:1
BRF:0
BRH:0
end_of_record
